build/app/intermediates/manifest_merge_blame_file/release/manifest-merger-blame-release-report.txt
1<?xml version="1.0" encoding="utf-8"?>
2<manifest xmlns:android="http://schemas.android.com/apk/res/android"
3    package="com.glamworlditltd.animal_society"
4    android:versionCode="2"
5    android:versionName="1.0.2" >
6
7    <uses-sdk
8        android:minSdkVersion="18"
8-->src\main\AndroidManifest.xml
9        android:targetSdkVersion="30" />
9-->src\main\AndroidManifest.xml
10
11    <uses-permission android:name="android.permission.QUERY_ALL_PACKAGES" />
11-->src\main\AndroidManifest.xml:3:5-76
11-->src\main\AndroidManifest.xml:3:22-74
12    <uses-permission android:name="android.permission.READ_EXTERNAL_STORAGE" />
12-->src\main\AndroidManifest.xml:4:5-80
12-->src\main\AndroidManifest.xml:4:22-77
13    <uses-permission android:name="android.permission.WRITE_EXTERNAL_STORAGE" />
13-->src\main\AndroidManifest.xml:5:5-81
13-->src\main\AndroidManifest.xml:5:22-78
14
15    <queries>
15-->[:file_picker] AndroidManifest.xml:9:5-15:15
16        <intent>
16-->[:file_picker] AndroidManifest.xml:10:9-14:18
17            <action android:name="android.intent.action.GET_CONTENT" />
17-->[:file_picker] AndroidManifest.xml:11:13-72
17-->[:file_picker] AndroidManifest.xml:11:21-69
18
19            <data android:mimeType="*/*" />
19-->[:file_picker] AndroidManifest.xml:13:13-44
19-->[:file_picker] AndroidManifest.xml:13:19-41
20        </intent>
21    </queries>
22
23    <uses-permission android:name="android.permission.INTERNET" />
23-->[:firebase_messaging] AndroidManifest.xml:7:5-67
23-->[:firebase_messaging] AndroidManifest.xml:7:22-64
24    <uses-permission android:name="android.permission.WAKE_LOCK" />
24-->[:firebase_messaging] AndroidManifest.xml:8:5-68
24-->[:firebase_messaging] AndroidManifest.xml:8:22-65
25    <uses-permission android:name="android.permission.ACCESS_NETWORK_STATE" />
25-->[:firebase_messaging] AndroidManifest.xml:9:5-79
25-->[:firebase_messaging] AndroidManifest.xml:9:22-76
26    <uses-permission android:name="android.permission.RECEIVE_BOOT_COMPLETED" />
26-->[androidx.work:work-runtime:2.5.0] AndroidManifest.xml:27:5-81
26-->[androidx.work:work-runtime:2.5.0] AndroidManifest.xml:27:22-78
27    <uses-permission android:name="android.permission.FOREGROUND_SERVICE" /> <!-- Required by older versions of Google Play services to create IID tokens -->
27-->[androidx.work:work-runtime:2.5.0] AndroidManifest.xml:28:5-77
27-->[androidx.work:work-runtime:2.5.0] AndroidManifest.xml:28:22-74
28    <uses-permission android:name="com.google.android.c2dm.permission.RECEIVE" />
28-->[com.google.firebase:firebase-messaging:22.0.0] AndroidManifest.xml:25:5-82
28-->[com.google.firebase:firebase-messaging:22.0.0] AndroidManifest.xml:25:22-79
29
30    <application
30-->src\main\AndroidManifest.xml:6:4-70:19
31        android:name="androidx.multidex.MultiDexApplication"
32        android:appComponentFactory="androidx.core.app.CoreComponentFactory"
32-->[androidx.core:core:1.5.0] AndroidManifest.xml:24:18-86
33        android:icon="@mipmap/launcher_icon"
33-->src\main\AndroidManifest.xml:8:9-45
34        android:label="Animal Society" >
34-->src\main\AndroidManifest.xml:7:9-39
35        <activity
35-->src\main\AndroidManifest.xml:9:9-48:20
36            android:name="com.glamworlditltd.animal_society.MainActivity"
36-->src\main\AndroidManifest.xml:10:13-41
37            android:configChanges="orientation|keyboardHidden|keyboard|screenSize|smallestScreenSize|locale|layoutDirection|fontScale|screenLayout|density|uiMode"
37-->src\main\AndroidManifest.xml:13:13-163
38            android:hardwareAccelerated="true"
38-->src\main\AndroidManifest.xml:14:13-47
39            android:launchMode="singleTop"
39-->src\main\AndroidManifest.xml:11:13-43
40            android:theme="@style/LaunchTheme"
40-->src\main\AndroidManifest.xml:12:13-47
41            android:windowSoftInputMode="adjustResize" >
41-->src\main\AndroidManifest.xml:15:13-55
42
43            <!--
44                 Specifies an Android theme to apply to this Activity as soon as
45                 the Android process has started. This theme is visible to the user
46                 while the Flutter UI initializes. After that, this theme continues
47                 to determine the Window background behind the Flutter UI.
48            -->
49            <meta-data
49-->src\main\AndroidManifest.xml:20:13-23:17
50                android:name="io.flutter.embedding.android.NormalTheme"
50-->src\main\AndroidManifest.xml:21:15-70
51                android:resource="@style/NormalTheme" />
51-->src\main\AndroidManifest.xml:22:15-52
52            <!--
53                 Displays an Android View that continues showing the launch screen
54                 Drawable until Flutter paints its first frame, then this splash
55                 screen fades out. A splash screen is useful to avoid any visual
56                 gap between the end of Android's launch screen and the painting of
57                 Flutter's first frame.
58            -->
59            <meta-data
59-->src\main\AndroidManifest.xml:29:13-32:17
60                android:name="io.flutter.embedding.android.SplashScreenDrawable"
60-->src\main\AndroidManifest.xml:30:15-79
61                android:resource="@drawable/launch_background" />
61-->src\main\AndroidManifest.xml:31:15-61
62            <meta-data
62-->src\main\AndroidManifest.xml:33:13-35:60
63                android:name="com.google.firebase.messaging.default_notification_icon"
63-->src\main\AndroidManifest.xml:34:17-87
64                android:resource="@mipmap/launcher_icon" />
64-->src\main\AndroidManifest.xml:35:17-57
65            <meta-data
65-->src\main\AndroidManifest.xml:36:13-38:59
66                android:name="com.google.firebase.messaging.default_notification_color"
66-->src\main\AndroidManifest.xml:37:17-88
67                android:resource="@android:color/black" />
67-->src\main\AndroidManifest.xml:38:17-56
68
69            <intent-filter>
69-->src\main\AndroidManifest.xml:39:13-42:29
70                <action android:name="android.intent.action.MAIN" />
70-->src\main\AndroidManifest.xml:40:17-68
70-->src\main\AndroidManifest.xml:40:25-66
71
72                <category android:name="android.intent.category.LAUNCHER" />
72-->src\main\AndroidManifest.xml:41:17-76
72-->src\main\AndroidManifest.xml:41:27-74
73            </intent-filter>
74            <intent-filter>
74-->src\main\AndroidManifest.xml:44:13-47:29
75                <action android:name="FLUTTER_NOTIFICATION_CLICK" />
75-->src\main\AndroidManifest.xml:45:17-69
75-->src\main\AndroidManifest.xml:45:25-66
76
77                <category android:name="android.intent.category.DEFAULT" />
77-->src\main\AndroidManifest.xml:46:17-76
77-->src\main\AndroidManifest.xml:46:27-73
78            </intent-filter>
79        </activity>
80        <activity
80-->src\main\AndroidManifest.xml:49:9-52:63
81            android:name="com.yalantis.ucrop.UCropActivity"
81-->src\main\AndroidManifest.xml:50:5-52
82            android:screenOrientation="portrait"
82-->src\main\AndroidManifest.xml:51:5-41
83            android:theme="@style/Theme.AppCompat.Light.NoActionBar" />
83-->src\main\AndroidManifest.xml:52:5-61
84
85        <provider
86            android:name="vn.hunghd.flutterdownloader.DownloadedFileProvider"
86-->src\main\AndroidManifest.xml:55:5-70
87            android:authorities="com.glamworlditltd.animal_society.flutter_downloader.provider"
87-->src\main\AndroidManifest.xml:56:5-71
88            android:exported="false"
88-->src\main\AndroidManifest.xml:57:5-29
89            android:grantUriPermissions="true" >
89-->src\main\AndroidManifest.xml:58:5-39
90            <meta-data
90-->src\main\AndroidManifest.xml:59:5-61:49
91                android:name="android.support.FILE_PROVIDER_PATHS"
91-->src\main\AndroidManifest.xml:60:9-59
92                android:resource="@xml/provider_paths" />
92-->src\main\AndroidManifest.xml:61:9-47
93        </provider>
94
95        <!--
96             Don't delete the meta-data below.
97             This is used by the Flutter tool to generate GeneratedPluginRegistrant.java
98        -->
99        <meta-data
99-->src\main\AndroidManifest.xml:67:9-69:33
100            android:name="flutterEmbedding"
100-->src\main\AndroidManifest.xml:68:13-44
101            android:value="2" />
101-->src\main\AndroidManifest.xml:69:13-30
102
103        <provider
103-->[:image_picker] AndroidManifest.xml:8:9-16:20
104            android:name="io.flutter.plugins.imagepicker.ImagePickerFileProvider"
104-->[:image_picker] AndroidManifest.xml:9:13-82
105            android:authorities="com.glamworlditltd.animal_society.flutter.image_provider"
105-->[:image_picker] AndroidManifest.xml:10:13-74
106            android:exported="false"
106-->[:image_picker] AndroidManifest.xml:11:13-37
107            android:grantUriPermissions="true" >
107-->[:image_picker] AndroidManifest.xml:12:13-47
108            <meta-data
108-->src\main\AndroidManifest.xml:59:5-61:49
109                android:name="android.support.FILE_PROVIDER_PATHS"
109-->src\main\AndroidManifest.xml:60:9-59
110                android:resource="@xml/flutter_image_picker_file_paths" />
110-->src\main\AndroidManifest.xml:61:9-47
111        </provider>
112
113        <service
113-->[:cloud_firestore] AndroidManifest.xml:8:9-12:19
114            android:name="com.google.firebase.components.ComponentDiscoveryService"
114-->[:cloud_firestore] AndroidManifest.xml:8:18-89
115            android:directBootAware="true"
115-->[com.google.firebase:firebase-common:20.0.0] AndroidManifest.xml:35:13-43
116            android:exported="false" >
116-->[com.google.firebase:firebase-auth:21.0.1] AndroidManifest.xml:76:13-37
117            <meta-data
117-->[:cloud_firestore] AndroidManifest.xml:9:13-11:85
118                android:name="com.google.firebase.components:io.flutter.plugins.firebase.firestore.FlutterFirebaseFirestoreRegistrar"
118-->[:cloud_firestore] AndroidManifest.xml:10:17-134
119                android:value="com.google.firebase.components.ComponentRegistrar" />
119-->[:cloud_firestore] AndroidManifest.xml:11:17-82
120            <meta-data
120-->[:firebase_auth] AndroidManifest.xml:9:13-11:85
121                android:name="com.google.firebase.components:io.flutter.plugins.firebase.auth.FlutterFirebaseAuthRegistrar"
121-->[:firebase_auth] AndroidManifest.xml:10:17-124
122                android:value="com.google.firebase.components.ComponentRegistrar" />
122-->[:firebase_auth] AndroidManifest.xml:11:17-82
123            <meta-data
123-->[:firebase_storage] AndroidManifest.xml:9:13-11:85
124                android:name="com.google.firebase.components:io.flutter.plugins.firebase.storage.FlutterFirebaseAppRegistrar"
124-->[:firebase_storage] AndroidManifest.xml:10:17-126
125                android:value="com.google.firebase.components.ComponentRegistrar" />
125-->[:firebase_storage] AndroidManifest.xml:11:17-82
126            <meta-data
126-->[:firebase_messaging] AndroidManifest.xml:34:13-36:85
127                android:name="com.google.firebase.components:io.flutter.plugins.firebase.messaging.FlutterFirebaseAppRegistrar"
127-->[:firebase_messaging] AndroidManifest.xml:35:17-128
128                android:value="com.google.firebase.components.ComponentRegistrar" />
128-->[:firebase_messaging] AndroidManifest.xml:36:17-82
129            <meta-data
129-->[:firebase_core] AndroidManifest.xml:9:13-11:85
130                android:name="com.google.firebase.components:io.flutter.plugins.firebase.core.FlutterFirebaseCoreRegistrar"
130-->[:firebase_core] AndroidManifest.xml:10:17-124
131                android:value="com.google.firebase.components.ComponentRegistrar" />
131-->[:firebase_core] AndroidManifest.xml:11:17-82
132            <meta-data
132-->[com.google.firebase:firebase-auth:21.0.1] AndroidManifest.xml:77:13-79:85
133                android:name="com.google.firebase.components:com.google.firebase.auth.FirebaseAuthRegistrar"
133-->[com.google.firebase:firebase-auth:21.0.1] AndroidManifest.xml:78:17-109
134                android:value="com.google.firebase.components.ComponentRegistrar" />
134-->[com.google.firebase:firebase-auth:21.0.1] AndroidManifest.xml:79:17-82
135            <meta-data
135-->[com.google.firebase:firebase-firestore:23.0.1] AndroidManifest.xml:20:13-22:85
136                android:name="com.google.firebase.components:com.google.firebase.firestore.FirestoreRegistrar"
136-->[com.google.firebase:firebase-firestore:23.0.1] AndroidManifest.xml:21:17-111
137                android:value="com.google.firebase.components.ComponentRegistrar" />
137-->[com.google.firebase:firebase-firestore:23.0.1] AndroidManifest.xml:22:17-82
138            <meta-data
138-->[com.google.firebase:firebase-storage:20.0.0] AndroidManifest.xml:33:13-35:85
139                android:name="com.google.firebase.components:com.google.firebase.storage.StorageRegistrar"
139-->[com.google.firebase:firebase-storage:20.0.0] AndroidManifest.xml:34:17-107
140                android:value="com.google.firebase.components.ComponentRegistrar" />
140-->[com.google.firebase:firebase-storage:20.0.0] AndroidManifest.xml:35:17-82
141            <meta-data
141-->[com.google.firebase:firebase-messaging:22.0.0] AndroidManifest.xml:52:13-54:85
142                android:name="com.google.firebase.components:com.google.firebase.messaging.FirebaseMessagingRegistrar"
142-->[com.google.firebase:firebase-messaging:22.0.0] AndroidManifest.xml:53:17-119
143                android:value="com.google.firebase.components.ComponentRegistrar" />
143-->[com.google.firebase:firebase-messaging:22.0.0] AndroidManifest.xml:54:17-82
144            <meta-data
144-->[com.google.firebase:firebase-datatransport:18.0.0] AndroidManifest.xml:28:13-30:85
145                android:name="com.google.firebase.components:com.google.firebase.datatransport.TransportRegistrar"
145-->[com.google.firebase:firebase-datatransport:18.0.0] AndroidManifest.xml:29:17-115
146                android:value="com.google.firebase.components.ComponentRegistrar" />
146-->[com.google.firebase:firebase-datatransport:18.0.0] AndroidManifest.xml:30:17-82
147            <meta-data
147-->[com.google.firebase:firebase-installations:17.0.0] AndroidManifest.xml:18:13-20:85
148                android:name="com.google.firebase.components:com.google.firebase.installations.FirebaseInstallationsRegistrar"
148-->[com.google.firebase:firebase-installations:17.0.0] AndroidManifest.xml:19:17-127
149                android:value="com.google.firebase.components.ComponentRegistrar" />
149-->[com.google.firebase:firebase-installations:17.0.0] AndroidManifest.xml:20:17-82
150        </service>
151        <service
151-->[:firebase_messaging] AndroidManifest.xml:12:9-15:72
152            android:name="io.flutter.plugins.firebase.messaging.FlutterFirebaseMessagingBackgroundService"
152-->[:firebase_messaging] AndroidManifest.xml:13:13-107
153            android:exported="false"
153-->[:firebase_messaging] AndroidManifest.xml:14:13-37
154            android:permission="android.permission.BIND_JOB_SERVICE" />
154-->[:firebase_messaging] AndroidManifest.xml:15:13-69
155        <service
155-->[:firebase_messaging] AndroidManifest.xml:16:9-22:19
156            android:name="io.flutter.plugins.firebase.messaging.FlutterFirebaseMessagingService"
156-->[:firebase_messaging] AndroidManifest.xml:17:13-97
157            android:exported="false" >
157-->[:firebase_messaging] AndroidManifest.xml:18:13-37
158            <intent-filter>
158-->[:firebase_messaging] AndroidManifest.xml:19:13-21:29
159                <action android:name="com.google.firebase.MESSAGING_EVENT" />
159-->[:firebase_messaging] AndroidManifest.xml:20:17-78
159-->[:firebase_messaging] AndroidManifest.xml:20:25-75
160            </intent-filter>
161        </service>
162
163        <receiver
163-->[:firebase_messaging] AndroidManifest.xml:24:9-31:20
164            android:name="io.flutter.plugins.firebase.messaging.FlutterFirebaseMessagingReceiver"
164-->[:firebase_messaging] AndroidManifest.xml:25:13-98
165            android:exported="true"
165-->[:firebase_messaging] AndroidManifest.xml:26:13-36
166            android:permission="com.google.android.c2dm.permission.SEND" >
166-->[:firebase_messaging] AndroidManifest.xml:27:13-73
167            <intent-filter>
167-->[:firebase_messaging] AndroidManifest.xml:28:13-30:29
168                <action android:name="com.google.android.c2dm.intent.RECEIVE" />
168-->[:firebase_messaging] AndroidManifest.xml:29:17-81
168-->[:firebase_messaging] AndroidManifest.xml:29:25-78
169            </intent-filter>
170        </receiver>
171
172        <provider
172-->[:firebase_messaging] AndroidManifest.xml:39:9-43:38
173            android:name="io.flutter.plugins.firebase.messaging.FlutterFirebaseMessagingInitProvider"
173-->[:firebase_messaging] AndroidManifest.xml:40:13-102
174            android:authorities="com.glamworlditltd.animal_society.flutterfirebasemessaginginitprovider"
174-->[:firebase_messaging] AndroidManifest.xml:41:13-88
175            android:exported="false"
175-->[:firebase_messaging] AndroidManifest.xml:42:13-37
176            android:initOrder="99" />
176-->[:firebase_messaging] AndroidManifest.xml:43:13-35
177        <provider
177-->[androidx.work:work-runtime:2.5.0] AndroidManifest.xml:31:9-37:35
178            android:name="androidx.work.impl.WorkManagerInitializer"
178-->[androidx.work:work-runtime:2.5.0] AndroidManifest.xml:32:13-69
179            android:authorities="com.glamworlditltd.animal_society.workmanager-init"
179-->[androidx.work:work-runtime:2.5.0] AndroidManifest.xml:33:13-68
180            android:directBootAware="false"
180-->[androidx.work:work-runtime:2.5.0] AndroidManifest.xml:34:13-44
181            android:exported="false"
181-->[androidx.work:work-runtime:2.5.0] AndroidManifest.xml:35:13-37
182            android:multiprocess="true" />
182-->[androidx.work:work-runtime:2.5.0] AndroidManifest.xml:36:13-40
183
184        <service
184-->[androidx.work:work-runtime:2.5.0] AndroidManifest.xml:39:9-44:35
185            android:name="androidx.work.impl.background.systemalarm.SystemAlarmService"
185-->[androidx.work:work-runtime:2.5.0] AndroidManifest.xml:40:13-88
186            android:directBootAware="false"
186-->[androidx.work:work-runtime:2.5.0] AndroidManifest.xml:41:13-44
187            android:enabled="@bool/enable_system_alarm_service_default"
187-->[androidx.work:work-runtime:2.5.0] AndroidManifest.xml:42:13-72
188            android:exported="false" />
188-->[androidx.work:work-runtime:2.5.0] AndroidManifest.xml:43:13-37
189        <service
189-->[androidx.work:work-runtime:2.5.0] AndroidManifest.xml:45:9-51:35
190            android:name="androidx.work.impl.background.systemjob.SystemJobService"
190-->[androidx.work:work-runtime:2.5.0] AndroidManifest.xml:46:13-84
191            android:directBootAware="false"
191-->[androidx.work:work-runtime:2.5.0] AndroidManifest.xml:47:13-44
192            android:enabled="@bool/enable_system_job_service_default"
192-->[androidx.work:work-runtime:2.5.0] AndroidManifest.xml:48:13-70
193            android:exported="true"
193-->[androidx.work:work-runtime:2.5.0] AndroidManifest.xml:49:13-36
194            android:permission="android.permission.BIND_JOB_SERVICE" />
194-->[androidx.work:work-runtime:2.5.0] AndroidManifest.xml:50:13-69
195        <service
195-->[androidx.work:work-runtime:2.5.0] AndroidManifest.xml:52:9-57:35
196            android:name="androidx.work.impl.foreground.SystemForegroundService"
196-->[androidx.work:work-runtime:2.5.0] AndroidManifest.xml:53:13-81
197            android:directBootAware="false"
197-->[androidx.work:work-runtime:2.5.0] AndroidManifest.xml:54:13-44
198            android:enabled="@bool/enable_system_foreground_service_default"
198-->[androidx.work:work-runtime:2.5.0] AndroidManifest.xml:55:13-77
199            android:exported="false" />
199-->[androidx.work:work-runtime:2.5.0] AndroidManifest.xml:56:13-37
200
201        <receiver
201-->[androidx.work:work-runtime:2.5.0] AndroidManifest.xml:59:9-64:35
202            android:name="androidx.work.impl.utils.ForceStopRunnable$BroadcastReceiver"
202-->[androidx.work:work-runtime:2.5.0] AndroidManifest.xml:60:13-88
203            android:directBootAware="false"
203-->[androidx.work:work-runtime:2.5.0] AndroidManifest.xml:61:13-44
204            android:enabled="true"
204-->[androidx.work:work-runtime:2.5.0] AndroidManifest.xml:62:13-35
205            android:exported="false" />
205-->[androidx.work:work-runtime:2.5.0] AndroidManifest.xml:63:13-37
206        <receiver
206-->[androidx.work:work-runtime:2.5.0] AndroidManifest.xml:65:9-75:20
207            android:name="androidx.work.impl.background.systemalarm.ConstraintProxy$BatteryChargingProxy"
207-->[androidx.work:work-runtime:2.5.0] AndroidManifest.xml:66:13-106
208            android:directBootAware="false"
208-->[androidx.work:work-runtime:2.5.0] AndroidManifest.xml:67:13-44
209            android:enabled="false"
209-->[androidx.work:work-runtime:2.5.0] AndroidManifest.xml:68:13-36
210            android:exported="false" >
210-->[androidx.work:work-runtime:2.5.0] AndroidManifest.xml:69:13-37
211            <intent-filter>
211-->[androidx.work:work-runtime:2.5.0] AndroidManifest.xml:71:13-74:29
212                <action android:name="android.intent.action.ACTION_POWER_CONNECTED" />
212-->[androidx.work:work-runtime:2.5.0] AndroidManifest.xml:72:17-87
212-->[androidx.work:work-runtime:2.5.0] AndroidManifest.xml:72:25-84
213                <action android:name="android.intent.action.ACTION_POWER_DISCONNECTED" />
213-->[androidx.work:work-runtime:2.5.0] AndroidManifest.xml:73:17-90
213-->[androidx.work:work-runtime:2.5.0] AndroidManifest.xml:73:25-87
214            </intent-filter>
215        </receiver>
216        <receiver
216-->[androidx.work:work-runtime:2.5.0] AndroidManifest.xml:76:9-86:20
217            android:name="androidx.work.impl.background.systemalarm.ConstraintProxy$BatteryNotLowProxy"
217-->[androidx.work:work-runtime:2.5.0] AndroidManifest.xml:77:13-104
218            android:directBootAware="false"
218-->[androidx.work:work-runtime:2.5.0] AndroidManifest.xml:78:13-44
219            android:enabled="false"
219-->[androidx.work:work-runtime:2.5.0] AndroidManifest.xml:79:13-36
220            android:exported="false" >
220-->[androidx.work:work-runtime:2.5.0] AndroidManifest.xml:80:13-37
221            <intent-filter>
221-->[androidx.work:work-runtime:2.5.0] AndroidManifest.xml:82:13-85:29
222                <action android:name="android.intent.action.BATTERY_OKAY" />
222-->[androidx.work:work-runtime:2.5.0] AndroidManifest.xml:83:17-77
222-->[androidx.work:work-runtime:2.5.0] AndroidManifest.xml:83:25-74
223                <action android:name="android.intent.action.BATTERY_LOW" />
223-->[androidx.work:work-runtime:2.5.0] AndroidManifest.xml:84:17-76
223-->[androidx.work:work-runtime:2.5.0] AndroidManifest.xml:84:25-73
224            </intent-filter>
225        </receiver>
226        <receiver
226-->[androidx.work:work-runtime:2.5.0] AndroidManifest.xml:87:9-97:20
227            android:name="androidx.work.impl.background.systemalarm.ConstraintProxy$StorageNotLowProxy"
227-->[androidx.work:work-runtime:2.5.0] AndroidManifest.xml:88:13-104
228            android:directBootAware="false"
228-->[androidx.work:work-runtime:2.5.0] AndroidManifest.xml:89:13-44
229            android:enabled="false"
229-->[androidx.work:work-runtime:2.5.0] AndroidManifest.xml:90:13-36
230            android:exported="false" >
230-->[androidx.work:work-runtime:2.5.0] AndroidManifest.xml:91:13-37
231            <intent-filter>
231-->[androidx.work:work-runtime:2.5.0] AndroidManifest.xml:93:13-96:29
232                <action android:name="android.intent.action.DEVICE_STORAGE_LOW" />
232-->[androidx.work:work-runtime:2.5.0] AndroidManifest.xml:94:17-83
232-->[androidx.work:work-runtime:2.5.0] AndroidManifest.xml:94:25-80
233                <action android:name="android.intent.action.DEVICE_STORAGE_OK" />
233-->[androidx.work:work-runtime:2.5.0] AndroidManifest.xml:95:17-82
233-->[androidx.work:work-runtime:2.5.0] AndroidManifest.xml:95:25-79
234            </intent-filter>
235        </receiver>
236        <receiver
236-->[androidx.work:work-runtime:2.5.0] AndroidManifest.xml:98:9-107:20
237            android:name="androidx.work.impl.background.systemalarm.ConstraintProxy$NetworkStateProxy"
237-->[androidx.work:work-runtime:2.5.0] AndroidManifest.xml:99:13-103
238            android:directBootAware="false"
238-->[androidx.work:work-runtime:2.5.0] AndroidManifest.xml:100:13-44
239            android:enabled="false"
239-->[androidx.work:work-runtime:2.5.0] AndroidManifest.xml:101:13-36
240            android:exported="false" >
240-->[androidx.work:work-runtime:2.5.0] AndroidManifest.xml:102:13-37
241            <intent-filter>
241-->[androidx.work:work-runtime:2.5.0] AndroidManifest.xml:104:13-106:29
242                <action android:name="android.net.conn.CONNECTIVITY_CHANGE" />
242-->[androidx.work:work-runtime:2.5.0] AndroidManifest.xml:105:17-79
242-->[androidx.work:work-runtime:2.5.0] AndroidManifest.xml:105:25-76
243            </intent-filter>
244        </receiver>
245        <receiver
245-->[androidx.work:work-runtime:2.5.0] AndroidManifest.xml:108:9-119:20
246            android:name="androidx.work.impl.background.systemalarm.RescheduleReceiver"
246-->[androidx.work:work-runtime:2.5.0] AndroidManifest.xml:109:13-88
247            android:directBootAware="false"
247-->[androidx.work:work-runtime:2.5.0] AndroidManifest.xml:110:13-44
248            android:enabled="false"
248-->[androidx.work:work-runtime:2.5.0] AndroidManifest.xml:111:13-36
249            android:exported="false" >
249-->[androidx.work:work-runtime:2.5.0] AndroidManifest.xml:112:13-37
250            <intent-filter>
250-->[androidx.work:work-runtime:2.5.0] AndroidManifest.xml:114:13-118:29
251                <action android:name="android.intent.action.BOOT_COMPLETED" />
251-->[androidx.work:work-runtime:2.5.0] AndroidManifest.xml:115:17-79
251-->[androidx.work:work-runtime:2.5.0] AndroidManifest.xml:115:25-76
252                <action android:name="android.intent.action.TIME_SET" />
252-->[androidx.work:work-runtime:2.5.0] AndroidManifest.xml:116:17-73
252-->[androidx.work:work-runtime:2.5.0] AndroidManifest.xml:116:25-70
253                <action android:name="android.intent.action.TIMEZONE_CHANGED" />
253-->[androidx.work:work-runtime:2.5.0] AndroidManifest.xml:117:17-81
253-->[androidx.work:work-runtime:2.5.0] AndroidManifest.xml:117:25-78
254            </intent-filter>
255        </receiver>
256        <receiver
256-->[androidx.work:work-runtime:2.5.0] AndroidManifest.xml:120:9-129:20
257            android:name="androidx.work.impl.background.systemalarm.ConstraintProxyUpdateReceiver"
257-->[androidx.work:work-runtime:2.5.0] AndroidManifest.xml:121:13-99
258            android:directBootAware="false"
258-->[androidx.work:work-runtime:2.5.0] AndroidManifest.xml:122:13-44
259            android:enabled="@bool/enable_system_alarm_service_default"
259-->[androidx.work:work-runtime:2.5.0] AndroidManifest.xml:123:13-72
260            android:exported="false" >
260-->[androidx.work:work-runtime:2.5.0] AndroidManifest.xml:124:13-37
261            <intent-filter>
261-->[androidx.work:work-runtime:2.5.0] AndroidManifest.xml:126:13-128:29
262                <action android:name="androidx.work.impl.background.systemalarm.UpdateProxies" />
262-->[androidx.work:work-runtime:2.5.0] AndroidManifest.xml:127:17-98
262-->[androidx.work:work-runtime:2.5.0] AndroidManifest.xml:127:25-95
263            </intent-filter>
264        </receiver>
265        <receiver
265-->[androidx.work:work-runtime:2.5.0] AndroidManifest.xml:130:9-140:20
266            android:name="androidx.work.impl.diagnostics.DiagnosticsReceiver"
266-->[androidx.work:work-runtime:2.5.0] AndroidManifest.xml:131:13-78
267            android:directBootAware="false"
267-->[androidx.work:work-runtime:2.5.0] AndroidManifest.xml:132:13-44
268            android:enabled="true"
268-->[androidx.work:work-runtime:2.5.0] AndroidManifest.xml:133:13-35
269            android:exported="true"
269-->[androidx.work:work-runtime:2.5.0] AndroidManifest.xml:134:13-36
270            android:permission="android.permission.DUMP" >
270-->[androidx.work:work-runtime:2.5.0] AndroidManifest.xml:135:13-57
271            <intent-filter>
271-->[androidx.work:work-runtime:2.5.0] AndroidManifest.xml:137:13-139:29
272                <action android:name="androidx.work.diagnostics.REQUEST_DIAGNOSTICS" />
272-->[androidx.work:work-runtime:2.5.0] AndroidManifest.xml:138:17-88
272-->[androidx.work:work-runtime:2.5.0] AndroidManifest.xml:138:25-85
273            </intent-filter>
274        </receiver>
275
276        <activity
276-->[com.google.firebase:firebase-auth:21.0.1] AndroidManifest.xml:27:9-44:20
277            android:name="com.google.firebase.auth.internal.GenericIdpActivity"
277-->[com.google.firebase:firebase-auth:21.0.1] AndroidManifest.xml:28:13-80
278            android:excludeFromRecents="true"
278-->[com.google.firebase:firebase-auth:21.0.1] AndroidManifest.xml:29:13-46
279            android:exported="true"
279-->[com.google.firebase:firebase-auth:21.0.1] AndroidManifest.xml:30:13-36
280            android:launchMode="singleTask"
280-->[com.google.firebase:firebase-auth:21.0.1] AndroidManifest.xml:31:13-44
281            android:theme="@android:style/Theme.Translucent.NoTitleBar" >
281-->[com.google.firebase:firebase-auth:21.0.1] AndroidManifest.xml:32:13-72
282            <intent-filter>
282-->[com.google.firebase:firebase-auth:21.0.1] AndroidManifest.xml:33:13-43:29
283                <action android:name="android.intent.action.VIEW" />
283-->[com.google.firebase:firebase-auth:21.0.1] AndroidManifest.xml:34:17-69
283-->[com.google.firebase:firebase-auth:21.0.1] AndroidManifest.xml:34:25-66
284